TN:
SF:src\slices\mockData.ts
FNF:0
FNH:0
DA:1,1
DA:2,1
DA:3,1
DA:4,1
DA:5,1
DA:6,1
DA:7,1
DA:8,1
DA:9,1
DA:10,1
DA:11,1
DA:12,1
DA:13,1
DA:14,1
DA:15,1
DA:16,1
DA:17,1
DA:18,1
DA:19,1
DA:20,1
DA:21,1
DA:22,1
DA:23,1
DA:24,1
DA:25,1
DA:26,1
DA:27,1
DA:28,1
DA:29,1
DA:30,1
DA:31,1
DA:32,1
DA:33,1
DA:34,1
DA:35,1
DA:36,1
DA:37,1
DA:38,1
DA:39,1
DA:40,1
DA:41,1
DA:42,1
DA:43,1
DA:44,1
DA:45,1
DA:46,1
DA:47,1
DA:48,1
DA:49,1
DA:50,1
DA:51,1
DA:52,1
DA:53,1
DA:54,1
DA:55,1
DA:56,1
DA:57,1
DA:58,1
DA:59,1
DA:60,1
DA:61,1
DA:62,1
DA:63,1
DA:64,1
DA:65,1
DA:66,1
DA:67,1
DA:68,1
DA:69,1
DA:70,1
DA:71,1
DA:72,1
DA:73,1
DA:74,1
DA:75,1
DA:76,1
DA:77,1
DA:78,1
DA:79,1
DA:80,1
DA:81,1
DA:82,1
DA:83,1
DA:84,1
DA:85,1
DA:86,1
DA:87,1
DA:88,1
DA:89,1
DA:90,1
DA:91,1
DA:92,1
DA:93,1
DA:94,1
DA:95,1
DA:96,1
DA:97,1
DA:98,1
DA:99,1
DA:100,1
DA:101,1
DA:102,1
DA:103,1
DA:104,1
DA:105,1
DA:106,1
DA:107,1
DA:108,1
DA:109,1
DA:110,1
DA:111,1
DA:112,1
DA:113,1
DA:114,1
DA:115,1
DA:116,1
DA:117,1
DA:118,1
DA:119,1
DA:120,1
DA:121,1
DA:122,1
DA:123,1
DA:124,1
DA:125,1
DA:126,1
DA:127,1
DA:128,1
DA:129,1
DA:130,1
DA:131,1
DA:132,1
DA:133,1
DA:134,1
DA:135,1
DA:136,1
DA:137,1
DA:138,1
DA:139,1
DA:140,1
DA:141,1
DA:142,1
DA:143,1
DA:144,1
DA:145,1
DA:146,1
DA:147,1
DA:148,1
DA:149,1
DA:150,1
DA:151,1
DA:152,1
DA:153,1
DA:154,1
DA:155,1
DA:156,1
DA:157,1
DA:158,1
DA:159,1
DA:160,1
DA:161,1
DA:162,1
DA:163,1
DA:164,1
DA:165,1
DA:166,1
DA:167,1
DA:168,1
DA:169,1
DA:170,1
DA:171,1
DA:172,1
DA:173,1
DA:174,1
DA:175,1
DA:176,1
DA:177,1
DA:178,1
DA:179,1
DA:180,1
DA:181,1
DA:182,1
DA:183,1
DA:184,1
DA:185,1
DA:186,1
DA:187,1
DA:188,1
DA:189,1
DA:190,1
DA:191,1
DA:192,1
DA:193,1
DA:194,1
DA:195,1
DA:196,1
DA:197,1
DA:198,1
DA:199,1
DA:200,1
DA:201,1
DA:202,1
DA:203,1
DA:204,1
DA:205,1
DA:206,1
DA:207,1
DA:208,1
DA:209,1
LF:209
LH:209
BRF:0
BRH:0
end_of_record
TN:
SF:src\slices\stellar-burger-actions.ts
FNF:0
FNH:0
DA:1,1
DA:2,1
DA:3,1
DA:4,1
DA:5,1
DA:6,1
DA:7,1
DA:8,1
DA:9,1
DA:10,1
DA:11,1
DA:12,1
DA:13,1
DA:14,1
DA:15,1
DA:16,1
DA:17,1
DA:18,1
DA:19,1
DA:20,1
DA:21,1
DA:22,1
DA:23,1
DA:24,1
DA:25,1
DA:26,1
DA:27,1
DA:28,1
DA:29,1
DA:30,1
DA:31,1
DA:32,1
DA:33,0
DA:34,0
DA:35,0
DA:36,0
DA:37,0
DA:38,0
DA:39,0
DA:40,0
DA:41,0
DA:42,0
DA:43,1
DA:44,1
DA:45,1
DA:46,1
DA:47,1
DA:48,1
DA:49,1
DA:50,1
DA:51,1
DA:52,1
DA:53,1
DA:54,1
DA:55,1
DA:56,1
DA:57,1
DA:58,1
DA:59,1
DA:60,1
DA:61,1
DA:62,1
DA:63,1
DA:64,0
DA:65,0
DA:66,0
DA:67,0
DA:68,0
DA:69,0
DA:70,0
DA:71,1
DA:72,1
DA:73,1
DA:74,1
LF:74
LH:57
BRF:0
BRH:0
end_of_record
TN:
SF:src\slices\stellar-burger-selectors.ts
FN:3,selectIngredients
FN:6,selectLoading
FN:9,selectOrderModalData
FN:12,selectConstructorItems
FN:16,selectOrderRequest
FN:19,selectUser
FN:22,selectOrders
FN:25,selectTotalOrders
FN:28,selectTodayOrders
FN:31,selectUserOrders
FN:34,selectIsAuthenticated
FN:38,selectIsInit
FN:41,selectIsModalOpened
FN:44,selectErrorText
FNF:14
FNH:14
FNDA:1,selectIngredients
FNDA:1,selectLoading
FNDA:2,selectOrderModalData
FNDA:10,selectConstructorItems
FNDA:2,selectOrderRequest
FNDA:1,selectUser
FNDA:3,selectOrders
FNDA:1,selectTotalOrders
FNDA:1,selectTodayOrders
FNDA:3,selectUserOrders
FNDA:1,selectIsAuthenticated
FNDA:3,selectIsInit
FNDA:4,selectIsModalOpened
FNDA:3,selectErrorText
DA:1,1
DA:2,1
DA:3,1
DA:4,1
DA:5,1
DA:6,1
DA:7,1
DA:8,1
DA:9,1
DA:10,2
DA:11,1
DA:12,1
DA:13,10
DA:14,1
DA:15,1
DA:16,1
DA:17,2
DA:18,1
DA:19,1
DA:20,1
DA:21,1
DA:22,1
DA:23,3
DA:24,1
DA:25,1
DA:26,1
DA:27,1
DA:28,1
DA:29,1
DA:30,1
DA:31,1
DA:32,3
DA:33,1
DA:34,1
DA:35,1
DA:36,1
DA:37,1
DA:38,1
DA:39,3
DA:40,1
DA:41,1
DA:42,4
DA:43,1
DA:44,1
DA:45,3
LF:45
LH:45
BRDA:3,0,0,1
BRDA:6,1,0,1
BRDA:9,2,0,2
BRDA:12,3,0,10
BRDA:16,4,0,2
BRDA:19,5,0,1
BRDA:22,6,0,3
BRDA:25,7,0,1
BRDA:28,8,0,1
BRDA:31,9,0,3
BRDA:34,10,0,1
BRDA:38,11,0,3
BRDA:41,12,0,4
BRDA:44,13,0,3
BRF:14
BRH:14
end_of_record
TN:
SF:src\slices\stellar-burger-slice.ts
FN:9,addIngredientAction
FN:21,addIngredient
FN:31,closeOrderRequest
FN:39,removeOrders
FN:42,removeUserOrders
FN:45,init
FN:48,openModal
FN:51,closeModal
FN:54,deleteIngredient
FN:63,setErrorText
FN:66,removeErrorText
FN:69,moveIngredientUp
FN:81,moveIngredientDown
FN:94,extraReducers
FN:231,get
FN:232,get
FN:233,get
FN:234,get
FN:235,get
FN:236,get
FN:237,get
FN:238,get
FN:239,get
FN:240,get
FN:241,get
FN:242,get
FN:243,get
FN:244,get
FN:248,get
FN:249,get
FN:250,get
FN:251,get
FN:252,get
FN:253,get
FN:254,get
FN:255,get
FN:256,get
FNF:37
FNH:36
FNDA:0,addIngredientAction
FNDA:2,addIngredient
FNDA:1,closeOrderRequest
FNDA:1,removeOrders
FNDA:1,removeUserOrders
FNDA:1,init
FNDA:1,openModal
FNDA:1,closeModal
FNDA:1,deleteIngredient
FNDA:2,setErrorText
FNDA:1,removeErrorText
FNDA:1,moveIngredientUp
FNDA:1,moveIngredientDown
FNDA:7,extraReducers
FNDA:1,get
FNDA:1,get
FNDA:2,get
FNDA:10,get
FNDA:2,get
FNDA:1,get
FNDA:3,get
FNDA:1,get
FNDA:1,get
FNDA:3,get
FNDA:1,get
FNDA:3,get
FNDA:4,get
FNDA:3,get
FNDA:3,get
FNDA:3,get
FNDA:3,get
FNDA:3,get
FNDA:3,get
FNDA:3,get
FNDA:3,get
FNDA:3,get
FNDA:3,get
DA:1,1
DA:2,1
DA:3,1
DA:4,1
DA:5,1
DA:6,1
DA:7,1
DA:8,1
DA:9,1
DA:10,1
DA:11,1
DA:12,1
DA:13,1
DA:14,1
DA:15,1
DA:16,1
DA:17,1
DA:18,1
DA:19,1
DA:20,1
DA:21,1
DA:22,2
DA:23,1
DA:24,1
DA:25,1
DA:26,1
DA:27,1
DA:28,1
DA:29,1
DA:30,1
DA:31,1
DA:32,1
DA:33,1
DA:34,1
DA:35,1
DA:36,1
DA:37,1
DA:38,1
DA:39,1
DA:40,1
DA:41,1
DA:42,1
DA:43,1
DA:44,1
DA:45,1
DA:46,1
DA:47,1
DA:48,1
DA:49,1
DA:50,1
DA:51,1
DA:52,1
DA:53,1
DA:54,1
DA:55,1
DA:56,1
DA:57,1
DA:58,1
DA:59,1
DA:60,1
DA:61,1
DA:62,1
DA:63,1
DA:64,2
DA:65,1
DA:66,1
DA:67,1
DA:68,1
DA:69,1
DA:70,1
DA:71,1
DA:72,1
DA:73,1
DA:74,1
DA:75,1
DA:76,1
DA:77,1
DA:78,1
DA:79,1
DA:80,1
DA:81,1
DA:82,1
DA:83,1
DA:84,1
DA:85,1
DA:86,1
DA:87,1
DA:88,1
DA:89,1
DA:90,1
DA:91,1
DA:92,1
DA:93,1
DA:94,1
DA:95,7
DA:96,7
DA:97,1
DA:98,7
DA:99,7
DA:100,1
DA:101,1
DA:102,7
DA:103,7
DA:104,1
DA:105,7
DA:106,7
DA:107,1
DA:108,7
DA:109,7
DA:110,1
DA:111,7
DA:112,7
DA:113,1
DA:114,1
DA:115,7
DA:116,7
DA:117,1
DA:118,1
DA:119,7
DA:120,7
DA:121,1
DA:122,1
DA:123,7
DA:124,7
DA:125,1
DA:126,1
DA:127,1
DA:128,7
DA:129,7
DA:130,1
DA:131,1
DA:132,7
DA:133,7
DA:134,1
DA:135,1
DA:136,7
DA:137,7
DA:138,1
DA:139,1
DA:140,1
DA:141,7
DA:142,7
DA:143,1
DA:144,1
DA:145,7
DA:146,7
DA:147,1
DA:148,1
DA:149,1
DA:150,7
DA:151,7
DA:152,1
DA:153,1
DA:154,1
DA:155,1
DA:156,7
DA:157,7
DA:158,1
DA:159,7
DA:160,7
DA:161,1
DA:162,7
DA:163,7
DA:164,1
DA:165,1
DA:166,1
DA:167,1
DA:168,7
DA:169,7
DA:170,1
DA:171,7
DA:172,7
DA:173,1
DA:174,7
DA:175,7
DA:176,1
DA:177,1
DA:178,7
DA:179,7
DA:180,1
DA:181,7
DA:182,7
DA:183,1
DA:184,1
DA:185,1
DA:186,1
DA:187,7
DA:188,7
DA:189,1
DA:190,1
DA:191,1
DA:192,1
DA:193,1
DA:194,1
DA:195,1
DA:196,7
DA:197,7
DA:198,1
DA:199,1
DA:200,7
DA:201,7
DA:202,1
DA:203,1
DA:204,7
DA:205,7
DA:206,1
DA:207,1
DA:208,1
DA:209,1
DA:210,1
DA:211,7
DA:212,7
DA:213,1
DA:214,1
DA:215,1
DA:216,1
DA:217,1
DA:218,1
DA:219,1
DA:220,1
DA:221,1
DA:222,1
DA:223,1
DA:224,1
DA:225,1
DA:226,1
DA:227,1
DA:228,1
DA:229,1
DA:230,1
DA:231,1
DA:232,1
DA:233,1
DA:234,1
DA:235,1
DA:236,1
DA:237,1
DA:238,1
DA:239,1
DA:240,1
DA:241,1
DA:242,1
DA:243,1
DA:244,1
DA:245,1
DA:246,1
DA:247,1
DA:248,1
DA:249,1
DA:250,1
DA:251,1
DA:252,1
DA:253,1
DA:254,1
DA:255,1
DA:256,1
DA:257,1
DA:258,1
DA:259,1
LF:259
LH:259
BRDA:21,0,0,2
BRDA:22,1,0,1
BRDA:31,2,0,1
BRDA:39,3,0,1
BRDA:42,4,0,1
BRDA:45,5,0,1
BRDA:48,6,0,1
BRDA:51,7,0,1
BRDA:54,8,0,1
BRDA:56,9,0,1
BRDA:60,10,0,3
BRDA:63,11,0,2
BRDA:66,12,0,1
BRDA:69,13,0,1
BRDA:71,14,0,1
BRDA:81,15,0,1
BRDA:83,16,0,1
BRDA:94,17,0,7
BRDA:96,18,0,1
BRDA:99,19,0,1
BRDA:103,20,0,1
BRDA:106,21,0,1
BRDA:109,22,0,1
BRDA:112,23,0,1
BRDA:116,24,0,1
BRDA:120,25,0,1
BRDA:124,26,0,1
BRDA:129,27,0,1
BRDA:133,28,0,1
BRDA:137,29,0,1
BRDA:142,30,0,1
BRDA:146,31,0,1
BRDA:151,32,0,1
BRDA:157,33,0,1
BRDA:160,34,0,1
BRDA:163,35,0,1
BRDA:169,36,0,1
BRDA:172,37,0,1
BRDA:175,38,0,1
BRDA:179,39,0,1
BRDA:182,40,0,1
BRDA:188,41,0,1
BRDA:197,42,0,1
BRDA:201,43,0,1
BRDA:205,44,0,1
BRDA:231,45,0,1
BRDA:232,46,0,1
BRDA:233,47,0,2
BRDA:234,48,0,10
BRDA:235,49,0,2
BRDA:236,50,0,1
BRDA:237,51,0,3
BRDA:238,52,0,1
BRDA:239,53,0,1
BRDA:240,54,0,3
BRDA:241,55,0,1
BRDA:242,56,0,3
BRDA:243,57,0,4
BRDA:244,58,0,3
BRDA:248,59,0,3
BRDA:249,60,0,3
BRDA:250,61,0,3
BRDA:251,62,0,3
BRDA:252,63,0,3
BRDA:253,64,0,3
BRDA:254,65,0,3
BRDA:255,66,0,3
BRDA:256,67,0,3
BRF:68
BRH:68
end_of_record
TN:
SF:src\slices\stellar-burger-types.ts
FNF:0
FNH:0
DA:1,1
DA:2,1
DA:3,1
DA:4,1
DA:5,1
DA:6,1
DA:7,1
DA:8,1
DA:9,1
DA:10,1
DA:11,1
DA:12,1
DA:13,1
DA:14,1
DA:15,1
DA:16,1
DA:17,1
DA:18,1
DA:19,1
DA:20,1
DA:21,1
DA:22,1
DA:23,1
DA:24,1
DA:25,1
DA:26,1
DA:27,1
DA:28,1
DA:29,1
DA:30,1
DA:31,1
DA:32,1
DA:33,1
DA:34,1
DA:35,1
DA:36,1
DA:37,1
DA:38,1
DA:39,1
DA:40,1
DA:41,1
DA:42,1
DA:43,1
DA:44,1
DA:45,1
DA:46,1
DA:47,1
DA:48,1
DA:49,1
DA:50,1
DA:51,1
DA:52,1
LF:52
LH:52
BRF:0
BRH:0
end_of_record
TN:
SF:src\utils\burger-api.ts
FN:6,checkResponse
FN:18,refreshToken
FN:38,fetchWithRefresh
FN:74,getIngredientsApi
FN:82,getFeedsApi
FN:90,getOrdersApi
FN:107,orderBurgerApi
FN:126,getOrderByNumberApi
FN:146,registerUserApi
FN:165,loginUserApi
FN:179,forgotPasswordApi
FN:193,resetPasswordApi
FN:209,getUserApi
FN:216,updateUserApi
FN:226,logoutApi
FNF:15
FNH:15
FNDA:44,checkResponse
FNDA:4,refreshToken
FNDA:12,fetchWithRefresh
FNDA:4,getIngredientsApi
FNDA:4,getFeedsApi
FNDA:4,getOrdersApi
FNDA:4,orderBurgerApi
FNDA:2,getOrderByNumberApi
FNDA:4,registerUserApi
FNDA:4,loginUserApi
FNDA:4,forgotPasswordApi
FNDA:4,resetPasswordApi
FNDA:2,getUserApi
FNDA:2,updateUserApi
FNDA:2,logoutApi
DA:1,1
DA:2,1
DA:3,1
DA:4,1
DA:5,1
DA:6,1
DA:7,44
DA:8,1
DA:9,1
DA:10,1
DA:11,1
DA:12,1
DA:13,1
DA:14,1
DA:15,1
DA:16,1
DA:17,1
DA:18,1
DA:19,4
DA:20,4
DA:21,4
DA:22,4
DA:23,4
DA:24,4
DA:25,4
DA:26,4
DA:27,4
DA:28,4
DA:29,4
DA:30,2
DA:31,0
DA:32,0
DA:33,2
DA:34,2
DA:35,2
DA:36,4
DA:37,1
DA:38,1
DA:39,12
DA:40,12
DA:41,12
DA:42,12
DA:43,12
DA:44,12
DA:45,12
DA:46,12
DA:47,12
DA:48,12
DA:49,12
DA:50,12
DA:51,12
DA:52,12
DA:53,12
DA:54,12
DA:55,12
DA:56,12
DA:57,12
DA:58,12
DA:59,1
DA:60,1
DA:61,1
DA:62,1
DA:63,1
DA:64,1
DA:65,1
DA:66,1
DA:67,1
DA:68,1
DA:69,1
DA:70,1
DA:71,1
DA:72,1
DA:73,1
DA:74,1
DA:75,4
DA:76,4
DA:77,4
DA:78,4
DA:79,2
DA:80,4
DA:81,1
DA:82,1
DA:83,4
DA:84,4
DA:85,4
DA:86,4
DA:87,2
DA:88,4
DA:89,1
DA:90,1
DA:91,4
DA:92,4
DA:93,4
DA:94,4
DA:95,4
DA:96,4
DA:97,4
DA:98,4
DA:99,2
DA:100,4
DA:101,1
DA:102,1
DA:103,1
DA:104,1
DA:105,1
DA:106,1
DA:107,1
DA:108,4
DA:109,4
DA:110,4
DA:111,4
DA:112,4
DA:113,4
DA:114,4
DA:115,4
DA:116,4
DA:117,4
DA:118,4
DA:119,2
DA:120,4
DA:121,1
DA:122,1
DA:123,1
DA:124,1
DA:125,1
DA:126,1
DA:127,2
DA:128,2
DA:129,2
DA:130,2
DA:131,2
DA:132,2
DA:133,1
DA:134,1
DA:135,1
DA:136,1
DA:137,1
DA:138,1
DA:139,1
DA:140,1
DA:141,1
DA:142,1
DA:143,1
DA:144,1
DA:145,1
DA:146,1
DA:147,4
DA:148,4
DA:149,4
DA:150,4
DA:151,4
DA:152,4
DA:153,4
DA:154,4
DA:155,4
DA:156,4
DA:157,2
DA:158,4
DA:159,1
DA:160,1
DA:161,1
DA:162,1
DA:163,1
DA:164,1
DA:165,1
DA:166,4
DA:167,4
DA:168,4
DA:169,4
DA:170,4
DA:171,4
DA:172,4
DA:173,4
DA:174,4
DA:175,4
DA:176,2
DA:177,4
DA:178,1
DA:179,1
DA:180,4
DA:181,4
DA:182,4
DA:183,4
DA:184,4
DA:185,4
DA:186,4
DA:187,4
DA:188,4
DA:189,4
DA:190,2
DA:191,4
DA:192,1
DA:193,1
DA:194,4
DA:195,4
DA:196,4
DA:197,4
DA:198,4
DA:199,4
DA:200,4
DA:201,4
DA:202,4
DA:203,4
DA:204,2
DA:205,4
DA:206,1
DA:207,1
DA:208,1
DA:209,1
DA:210,2
DA:211,2
DA:212,2
DA:213,2
DA:214,2
DA:215,1
DA:216,1
DA:217,2
DA:218,2
DA:219,2
DA:220,2
DA:221,2
DA:222,2
DA:223,2
DA:224,2
DA:225,1
DA:226,1
DA:227,2
DA:228,2
DA:229,2
DA:230,2
DA:231,2
DA:232,2
DA:233,2
DA:234,2
DA:235,2
LF:235
LH:233
BRDA:6,0,0,44
BRDA:7,1,0,42
BRDA:7,2,0,2
BRDA:7,3,0,2
BRDA:18,4,0,4
BRDA:28,5,0,4
BRDA:29,6,0,2
BRDA:30,7,0,0
BRDA:38,8,0,12
BRDA:41,9,0,12
BRDA:44,10,0,12
BRDA:53,11,0,0
BRDA:55,12,0,0
BRDA:74,13,0,4
BRDA:76,14,0,4
BRDA:77,15,0,4
BRDA:78,16,0,0
BRDA:78,17,0,2
BRDA:82,18,0,4
BRDA:84,19,0,4
BRDA:85,20,0,4
BRDA:86,21,0,0
BRDA:86,22,0,2
BRDA:90,23,0,4
BRDA:97,24,0,4
BRDA:98,25,0,0
BRDA:98,26,0,2
BRDA:107,27,0,4
BRDA:117,28,0,4
BRDA:118,29,0,0
BRDA:118,30,0,2
BRDA:126,31,0,2
BRDA:132,32,0,2
BRDA:146,33,0,4
BRDA:154,34,0,4
BRDA:155,35,0,4
BRDA:156,36,0,0
BRDA:156,37,0,2
BRDA:165,38,0,4
BRDA:173,39,0,4
BRDA:174,40,0,4
BRDA:175,41,0,0
BRDA:175,42,0,2
BRDA:179,43,0,4
BRDA:187,44,0,4
BRDA:188,45,0,4
BRDA:189,46,0,0
BRDA:189,47,0,2
BRDA:193,48,0,4
BRDA:201,49,0,4
BRDA:202,50,0,4
BRDA:203,51,0,0
BRDA:203,52,0,2
BRDA:209,53,0,2
BRDA:216,54,0,2
BRDA:226,55,0,2
BRDA:235,56,0,2
BRF:57
BRH:46
end_of_record
TN:
SF:src\utils\cookie.ts
FN:1,getCookie
FN:13,setCookie
FN:45,deleteCookie
FNF:3
FNH:2
FNDA:12,getCookie
FNDA:2,setCookie
FNDA:0,deleteCookie
DA:1,12
DA:2,12
DA:3,12
DA:4,12
DA:5,12
DA:6,12
DA:7,12
DA:8,12
DA:9,12
DA:10,12
DA:11,12
DA:12,1
DA:13,2
DA:14,2
DA:15,2
DA:16,2
DA:17,2
DA:18,2
DA:19,2
DA:20,2
DA:21,2
DA:22,2
DA:23,2
DA:24,2
DA:25,0
DA:26,0
DA:27,0
DA:28,0
DA:29,2
DA:30,2
DA:31,0
DA:32,0
DA:33,2
DA:34,2
DA:35,2
DA:36,2
DA:37,2
DA:38,2
DA:39,2
DA:40,2
DA:41,2
DA:42,2
DA:43,2
DA:44,1
DA:45,0
DA:46,0
DA:47,0
LF:47
LH:38
BRDA:1,0,0,12
BRDA:10,1,0,0
BRDA:13,2,0,2
BRDA:24,3,0,0
BRDA:24,4,0,0
BRDA:30,5,0,0
BRDA:30,6,0,0
BRF:7
BRH:2
end_of_record
TN:
SF:src\utils\__tests__\__helpers__\setup.ts
FNF:0
FNH:0
DA:1,1
DA:2,1
DA:3,1
DA:4,1
DA:5,1
DA:6,1
DA:7,1
DA:8,1
DA:9,1
DA:10,1
DA:11,1
DA:12,1
DA:13,1
DA:14,1
DA:15,1
DA:16,1
DA:17,1
DA:18,1
DA:19,1
DA:20,1
DA:21,1
DA:22,1
DA:23,1
DA:24,1
DA:25,22
DA:26,1
LF:26
LH:26
BRDA:13,0,0,1
BRDA:24,1,0,22
BRF:2
BRH:2
end_of_record
TN:
SF:src\utils\__tests__\__helpers__\test-utils.ts
FN:15,getMockResponse
FN:18,json
FN:47,setupMocks
FNF:3
FNH:3
FNDA:44,getMockResponse
FNDA:44,json
FNDA:44,setupMocks
DA:1,1
DA:2,1
DA:3,1
DA:4,1
DA:5,1
DA:6,1
DA:7,1
DA:8,1
DA:9,1
DA:10,1
DA:11,1
DA:12,1
DA:13,1
DA:14,1
DA:15,44
DA:16,44
DA:17,44
DA:18,44
DA:19,44
DA:20,44
DA:21,44
DA:22,1
DA:23,1
DA:24,1
DA:25,1
DA:26,1
DA:27,1
DA:28,1
DA:29,1
DA:30,1
DA:31,1
DA:32,1
DA:33,1
DA:34,1
DA:35,1
DA:36,1
DA:37,1
DA:38,1
DA:39,1
DA:40,1
DA:41,1
DA:42,1
DA:43,1
DA:44,1
DA:45,1
DA:46,1
DA:47,44
DA:48,44
DA:49,44
DA:50,44
DA:51,44
DA:52,44
DA:53,44
LF:53
LH:53
BRDA:15,0,0,44
BRDA:15,1,0,42
BRDA:19,2,0,42
BRDA:19,3,0,2
BRDA:18,4,0,44
BRDA:47,5,0,44
BRDA:50,6,0,6
BRF:7
BRH:7
end_of_record
